16:16:56.176 [main] DEBUG org.testng.TestNG - suiteXmlPath: "C:\Users\innov\eclipse-workspace\Pavan_Framework_OpencartV01\master.xml"
16:16:56.612 [main] INFO  org.testng.internal.Utils - [TestNG] Running:
  C:\Users\innov\eclipse-workspace\Pavan_Framework_OpencartV01\master.xml

16:17:04.863 [main] INFO  testCases.TC_001_AccountRegistrationTest - ......Starting TC_001_AccountRegistrationTest.......... 
16:17:05.325 [main] INFO  testCases.TC_001_AccountRegistrationTest - ......Clicked MyAccount Link........
16:17:06.529 [main] INFO  testCases.TC_001_AccountRegistrationTest - ......Clicked Register Link........
16:17:06.534 [main] INFO  testCases.TC_001_AccountRegistrationTest - .....Providing user details.......
16:17:08.441 [main] INFO  testCases.TC_001_AccountRegistrationTest - ....Validating expected message.....
16:17:28.015 [main] DEBUG org.testng.TestNG - suiteXmlPath: "C:\Users\innov\eclipse-workspace\Pavan_Framework_OpencartV01\master.xml"
16:17:28.446 [main] INFO  org.testng.internal.Utils - [TestNG] Running:
  C:\Users\innov\eclipse-workspace\Pavan_Framework_OpencartV01\master.xml

16:17:45.455 [main] INFO  testCases.TC_001_AccountRegistrationTest - ......Starting TC_001_AccountRegistrationTest.......... 
16:17:45.691 [main] INFO  testCases.TC_001_AccountRegistrationTest - ......Clicked MyAccount Link........
16:17:46.600 [main] INFO  testCases.TC_001_AccountRegistrationTest - ......Clicked Register Link........
16:17:46.605 [main] INFO  testCases.TC_001_AccountRegistrationTest - .....Providing user details.......
16:17:48.872 [main] INFO  testCases.TC_001_AccountRegistrationTest - ....Validating expected message.....
16:18:13.616 [main] DEBUG org.testng.TestNG - suiteXmlPath: "C:\Users\innov\eclipse-workspace\Pavan_Framework_OpencartV01\master.xml"
16:18:14.099 [main] INFO  org.testng.internal.Utils - [TestNG] Running:
  C:\Users\innov\eclipse-workspace\Pavan_Framework_OpencartV01\master.xml

16:19:29.757 [main] INFO  testCases.TC_001_AccountRegistrationTest - ......Starting TC_001_AccountRegistrationTest.......... 
16:19:31.445 [main] INFO  testCases.TC_001_AccountRegistrationTest - ......Clicked MyAccount Link........
16:19:33.604 [main] INFO  testCases.TC_001_AccountRegistrationTest - ......Clicked Register Link........
16:19:33.610 [main] INFO  testCases.TC_001_AccountRegistrationTest - .....Providing user details.......
16:19:35.206 [main] INFO  testCases.TC_001_AccountRegistrationTest - ....Validating expected message.....
16:22:05.384 [main] DEBUG org.testng.TestNG - suiteXmlPath: "C:\Users\innov\eclipse-workspace\Pavan_Framework_OpencartV01\master.xml"
16:22:05.862 [main] INFO  org.testng.internal.Utils - [TestNG] Running:
  C:\Users\innov\eclipse-workspace\Pavan_Framework_OpencartV01\master.xml

16:22:20.935 [TestNG-tests-1] INFO  testCases.TC_001_AccountRegistrationTest - ......Starting TC_001_AccountRegistrationTest.......... 
16:22:21.219 [TestNG-tests-1] INFO  testCases.TC_001_AccountRegistrationTest - ......Clicked MyAccount Link........
16:22:22.263 [TestNG-tests-1] INFO  testCases.TC_001_AccountRegistrationTest - ......Clicked Register Link........
16:22:22.269 [TestNG-tests-1] INFO  testCases.TC_001_AccountRegistrationTest - .....Providing user details.......
16:22:25.173 [TestNG-tests-1] INFO  testCases.TC_001_AccountRegistrationTest - ....Validating expected message.....
16:22:25.643 [TestNG-tests-2] INFO  testCases.TC_001_AccountRegistrationTest - ......Starting TC_001_AccountRegistrationTest.......... 
16:22:26.267 [TestNG-tests-2] INFO  testCases.TC_001_AccountRegistrationTest - ......Clicked MyAccount Link........
16:22:27.600 [TestNG-tests-2] INFO  testCases.TC_001_AccountRegistrationTest - ......Clicked Register Link........
16:22:27.601 [TestNG-tests-2] INFO  testCases.TC_001_AccountRegistrationTest - .....Providing user details.......
16:22:30.320 [TestNG-tests-2] INFO  testCases.TC_001_AccountRegistrationTest - ....Validating expected message.....
16:22:41.000 [TestNG-tests-3] INFO  testCases.TC_001_AccountRegistrationTest - ......Starting TC_001_AccountRegistrationTest.......... 
16:22:41.349 [TestNG-tests-3] INFO  testCases.TC_001_AccountRegistrationTest - ......Clicked MyAccount Link........
16:22:42.079 [TestNG-tests-3] INFO  testCases.TC_001_AccountRegistrationTest - ......Clicked Register Link........
16:22:42.081 [TestNG-tests-3] INFO  testCases.TC_001_AccountRegistrationTest - .....Providing user details.......
16:22:43.881 [TestNG-tests-3] INFO  testCases.TC_001_AccountRegistrationTest - ....Validating expected message.....
16:32:10.487 [main] DEBUG org.testng.TestNG - suiteXmlPath: "C:\Users\innov\eclipse-workspace\Pavan_Framework_OpencartV01\master.xml"
16:32:10.961 [main] INFO  org.testng.internal.Utils - [TestNG] Running:
  C:\Users\innov\eclipse-workspace\Pavan_Framework_OpencartV01\master.xml

16:34:20.297 [main] DEBUG org.testng.TestNG - suiteXmlPath: "C:\Users\innov\eclipse-workspace\Pavan_Framework_OpencartV01\master.xml"
