13:46:45.447 [TestNG-tests-1] ERROR testCases.TC_001_AccountRegistrationTest - .....Test failed.....
13:46:45.497 [TestNG-tests-1] DEBUG testCases.TC_001_AccountRegistrationTest - .....Debug logs......
13:46:55.660 [TestNG-tests-2] ERROR testCases.TC_001_AccountRegistrationTest - .....Test failed.....
13:46:55.661 [TestNG-tests-2] DEBUG testCases.TC_001_AccountRegistrationTest - .....Debug logs......
13:47:10.872 [TestNG-tests-1] INFO  testCases.TC_002_LoginTest - .......TC_002_LoginTest Test started..........
13:47:11.459 [TestNG-tests-2] INFO  testCases.TC_002_LoginTest - .......TC_002_LoginTest Test started..........
18:07:56.968 [main] DEBUG org.testng.TestNG - suiteXmlPath: "C:\Users\innov\eclipse-workspace\Pavan_Framework_OpencartV01\master_CrossBrowserTesting.xml"
18:08:02.619 [main] INFO  org.testng.internal.Utils - [TestNG] Running:
  C:\Users\innov\eclipse-workspace\Pavan_Framework_OpencartV01\master_CrossBrowserTesting.xml

18:08:41.704 [TestNG-tests-1] INFO  testCases.TC_001_AccountRegistrationTest - ......Starting TC_001_AccountRegistrationTest.......... 
18:08:41.720 [TestNG-tests-2] INFO  testCases.TC_001_AccountRegistrationTest - ......Starting TC_001_AccountRegistrationTest.......... 
18:08:43.175 [TestNG-tests-2] INFO  testCases.TC_001_AccountRegistrationTest - ......Clicked MyAccount Link........
18:08:43.266 [TestNG-tests-1] INFO  testCases.TC_001_AccountRegistrationTest - ......Clicked MyAccount Link........
18:08:53.535 [TestNG-tests-2] ERROR testCases.TC_001_AccountRegistrationTest - .....Test failed.....
18:08:53.535 [TestNG-tests-2] DEBUG testCases.TC_001_AccountRegistrationTest - .....Debug logs......
18:09:03.470 [TestNG-tests-1] ERROR testCases.TC_001_AccountRegistrationTest - .....Test failed.....
18:09:03.470 [TestNG-tests-1] DEBUG testCases.TC_001_AccountRegistrationTest - .....Debug logs......
18:09:16.764 [TestNG-tests-1] INFO  testCases.TC_002_LoginTest - .......TC_002_LoginTest Test started..........
18:09:23.153 [TestNG-tests-1] INFO  testCases.TC_002_LoginTest - ........TC_002_LoginTest Test finished
18:09:30.687 [TestNG-tests-2] INFO  testCases.TC_002_LoginTest - .......TC_002_LoginTest Test started..........
18:09:34.458 [TestNG-tests-2] INFO  testCases.TC_002_LoginTest - ........TC_002_LoginTest Test finished
18:10:26.773 [main] DEBUG org.testng.TestNG - suiteXmlPath: "C:\Users\innov\eclipse-workspace\Pavan_Framework_OpencartV01\master_CrossBrowserTesting.xml"
18:10:27.286 [main] INFO  org.testng.internal.Utils - [TestNG] Running:
  C:\Users\innov\eclipse-workspace\Pavan_Framework_OpencartV01\master_CrossBrowserTesting.xml

18:10:36.015 [main] INFO  testCases.TC_001_AccountRegistrationTest - ......Starting TC_001_AccountRegistrationTest.......... 
18:10:36.191 [main] INFO  testCases.TC_001_AccountRegistrationTest - ......Clicked MyAccount Link........
18:10:37.293 [main] INFO  testCases.TC_001_AccountRegistrationTest - ......Clicked Register Link........
18:10:37.407 [main] INFO  testCases.TC_001_AccountRegistrationTest - .....Providing user details.......
18:10:39.403 [main] INFO  testCases.TC_001_AccountRegistrationTest - ....Validating expected message.....
18:10:48.089 [main] INFO  testCases.TC_002_LoginTest - .......TC_002_LoginTest Test started..........
18:10:50.116 [main] INFO  testCases.TC_002_LoginTest - ........TC_002_LoginTest Test finished
18:11:01.054 [main] INFO  testCases.TC_001_AccountRegistrationTest - ......Starting TC_001_AccountRegistrationTest.......... 
18:11:01.263 [main] INFO  testCases.TC_001_AccountRegistrationTest - ......Clicked MyAccount Link........
18:11:02.330 [main] INFO  testCases.TC_001_AccountRegistrationTest - ......Clicked Register Link........
18:11:02.331 [main] INFO  testCases.TC_001_AccountRegistrationTest - .....Providing user details.......
18:11:04.244 [main] INFO  testCases.TC_001_AccountRegistrationTest - ....Validating expected message.....
18:11:16.197 [main] INFO  testCases.TC_002_LoginTest - .......TC_002_LoginTest Test started..........
18:11:18.478 [main] INFO  testCases.TC_002_LoginTest - ........TC_002_LoginTest Test finished
18:11:43.211 [main] DEBUG org.testng.TestNG - suiteXmlPath: "C:\Users\innov\eclipse-workspace\Pavan_Framework_OpencartV01\master_CrossBrowserTesting.xml"
18:11:43.746 [main] INFO  org.testng.internal.Utils - [TestNG] Running:
  C:\Users\innov\eclipse-workspace\Pavan_Framework_OpencartV01\master_CrossBrowserTesting.xml

18:11:57.023 [TestNG-tests-2] INFO  testCases.TC_001_AccountRegistrationTest - ......Starting TC_001_AccountRegistrationTest.......... 
18:11:57.468 [TestNG-tests-1] INFO  testCases.TC_001_AccountRegistrationTest - ......Starting TC_001_AccountRegistrationTest.......... 
18:11:57.732 [TestNG-tests-2] INFO  testCases.TC_001_AccountRegistrationTest - ......Clicked MyAccount Link........
18:11:57.853 [TestNG-tests-1] INFO  testCases.TC_001_AccountRegistrationTest - ......Clicked MyAccount Link........
18:12:08.003 [TestNG-tests-2] ERROR testCases.TC_001_AccountRegistrationTest - .....Test failed.....
