13:39:07.501 [main] INFO  testCases.TC_001_AccountRegistrationTest - ......Clicked MyAccount Link........
13:39:08.231 [main] INFO  testCases.TC_001_AccountRegistrationTest - ......Clicked Register Link........
13:39:08.232 [main] INFO  testCases.TC_001_AccountRegistrationTest - .....Providing user details.......
13:39:09.750 [main] INFO  testCases.TC_001_AccountRegistrationTest - ....Validating expected message.....
13:39:25.592 [main] INFO  testCases.TC_002_LoginTest - .......TC_002_LoginTest Test started..........
13:39:28.050 [main] INFO  testCases.TC_002_LoginTest - ........TC_002_LoginTest Test finished
13:39:59.942 [main] DEBUG org.testng.TestNG - suiteXmlPath: "C:\Users\innov\eclipse-workspace\Pavan_Framework_OpencartV01\master_CrossBrowserTesting.xml"
13:40:00.557 [main] INFO  org.testng.internal.Utils - [TestNG] Running:
  C:\Users\innov\eclipse-workspace\Pavan_Framework_OpencartV01\master_CrossBrowserTesting.xml

13:40:19.932 [TestNG-tests-1] INFO  testCases.TC_001_AccountRegistrationTest - ......Starting TC_001_AccountRegistrationTest.......... 
13:40:20.575 [TestNG-tests-2] INFO  testCases.TC_001_AccountRegistrationTest - ......Starting TC_001_AccountRegistrationTest.......... 
13:40:21.090 [TestNG-tests-1] INFO  testCases.TC_001_AccountRegistrationTest - ......Clicked MyAccount Link........
13:40:21.455 [TestNG-tests-2] INFO  testCases.TC_001_AccountRegistrationTest - ......Clicked MyAccount Link........
13:40:31.886 [TestNG-tests-1] ERROR testCases.TC_001_AccountRegistrationTest - .....Test failed.....
13:40:31.886 [TestNG-tests-1] DEBUG testCases.TC_001_AccountRegistrationTest - .....Debug logs......
13:40:34.370 [TestNG-tests-3] INFO  testCases.TC_001_AccountRegistrationTest - ......Starting TC_001_AccountRegistrationTest.......... 
13:40:35.146 [TestNG-tests-3] INFO  testCases.TC_001_AccountRegistrationTest - ......Clicked MyAccount Link........
13:40:40.272 [TestNG-tests-3] ERROR testCases.TC_001_AccountRegistrationTest - .....Test failed.....
13:40:40.272 [TestNG-tests-3] DEBUG testCases.TC_001_AccountRegistrationTest - .....Debug logs......
13:40:42.448 [TestNG-tests-2] ERROR testCases.TC_001_AccountRegistrationTest - .....Test failed.....
13:40:42.448 [TestNG-tests-2] DEBUG testCases.TC_001_AccountRegistrationTest - .....Debug logs......
13:40:52.771 [TestNG-tests-1] INFO  testCases.TC_002_LoginTest - .......TC_002_LoginTest Test started..........
13:41:01.195 [TestNG-tests-2] INFO  testCases.TC_002_LoginTest - .......TC_002_LoginTest Test started..........
13:41:13.447 [TestNG-tests-3] INFO  testCases.TC_002_LoginTest - .......TC_002_LoginTest Test started..........
13:41:17.777 [TestNG-tests-3] INFO  testCases.TC_002_LoginTest - ........TC_002_LoginTest Test finished
13:44:29.920 [main] DEBUG org.testng.TestNG - suiteXmlPath: "C:\Users\innov\eclipse-workspace\Pavan_Framework_OpencartV01\master_CrossBrowserTesting.xml"
13:44:30.586 [main] INFO  org.testng.internal.Utils - [TestNG] Running:
  C:\Users\innov\eclipse-workspace\Pavan_Framework_OpencartV01\master_CrossBrowserTesting.xml

13:44:46.734 [TestNG-tests-1] INFO  testCases.TC_001_AccountRegistrationTest - ......Starting TC_001_AccountRegistrationTest.......... 
13:44:47.545 [TestNG-tests-2] INFO  testCases.TC_001_AccountRegistrationTest - ......Starting TC_001_AccountRegistrationTest.......... 
13:44:47.754 [TestNG-tests-1] INFO  testCases.TC_001_AccountRegistrationTest - ......Clicked MyAccount Link........
13:44:47.872 [TestNG-tests-2] INFO  testCases.TC_001_AccountRegistrationTest - ......Clicked MyAccount Link........
13:44:57.942 [TestNG-tests-1] ERROR testCases.TC_001_AccountRegistrationTest - .....Test failed.....
13:44:57.942 [TestNG-tests-1] DEBUG testCases.TC_001_AccountRegistrationTest - .....Debug logs......
13:45:08.007 [TestNG-tests-2] ERROR testCases.TC_001_AccountRegistrationTest - .....Test failed.....
13:45:08.008 [TestNG-tests-2] DEBUG testCases.TC_001_AccountRegistrationTest - .....Debug logs......
13:45:19.794 [TestNG-tests-1] INFO  testCases.TC_002_LoginTest - .......TC_002_LoginTest Test started..........
13:45:24.963 [TestNG-tests-2] INFO  testCases.TC_002_LoginTest - .......TC_002_LoginTest Test started..........
13:46:19.147 [main] DEBUG org.testng.TestNG - suiteXmlPath: "C:\Users\innov\eclipse-workspace\Pavan_Framework_OpencartV01\master_CrossBrowserTesting.xml"
13:46:19.664 [main] INFO  org.testng.internal.Utils - [TestNG] Running:
  C:\Users\innov\eclipse-workspace\Pavan_Framework_OpencartV01\master_CrossBrowserTesting.xml

13:46:34.296 [TestNG-tests-1] INFO  testCases.TC_001_AccountRegistrationTest - ......Starting TC_001_AccountRegistrationTest.......... 
13:46:35.004 [TestNG-tests-2] INFO  testCases.TC_001_AccountRegistrationTest - ......Starting TC_001_AccountRegistrationTest.......... 
13:46:35.191 [TestNG-tests-1] INFO  testCases.TC_001_AccountRegistrationTest - ......Clicked MyAccount Link........
13:46:35.388 [TestNG-tests-2] INFO  testCases.TC_001_AccountRegistrationTest - ......Clicked MyAccount Link........
