18:12:08.003 [TestNG-tests-2] DEBUG testCases.TC_001_AccountRegistrationTest - .....Debug logs......
18:12:09.803 [TestNG-tests-1] ERROR testCases.TC_001_AccountRegistrationTest - .....Test failed.....
18:12:09.804 [TestNG-tests-1] DEBUG testCases.TC_001_AccountRegistrationTest - .....Debug logs......
18:12:29.509 [TestNG-tests-2] INFO  testCases.TC_002_LoginTest - .......TC_002_LoginTest Test started..........
18:12:32.431 [TestNG-tests-2] INFO  testCases.TC_002_LoginTest - ........TC_002_LoginTest Test finished
18:26:02.674 [main] DEBUG org.testng.TestNG - suiteXmlPath: "C:\Users\innov\eclipse-workspace\Pavan_Framework_OpencartV01\Master.xml"
18:26:12.509 [main] INFO  testCases.TC_002_LoginTest - .......TC_002_LoginTest Test started..........
18:26:14.743 [main] INFO  testCases.TC_002_LoginTest - ........TC_002_LoginTest Test finished
18:26:22.689 [main] INFO  testCases.TC_001_AccountRegistrationTest - ......Starting TC_001_AccountRegistrationTest.......... 
18:26:22.889 [main] INFO  testCases.TC_001_AccountRegistrationTest - ......Clicked MyAccount Link........
18:26:23.928 [main] INFO  testCases.TC_001_AccountRegistrationTest - ......Clicked Register Link........
18:26:23.933 [main] INFO  testCases.TC_001_AccountRegistrationTest - .....Providing user details.......
18:26:25.783 [main] INFO  testCases.TC_001_AccountRegistrationTest - ....Validating expected message.....
18:46:02.624 [main] DEBUG org.testng.TestNG - suiteXmlPath: "C:\Users\innov\eclipse-workspace\Pavan_Framework_OpencartV01\Master.xml"
18:46:11.712 [main] INFO  testCases.TC_002_LoginTest - .......TC_002_LoginTest Test started..........
18:46:13.985 [main] INFO  testCases.TC_002_LoginTest - ........TC_002_LoginTest Test finished
18:46:21.506 [main] INFO  testCases.TC_001_AccountRegistrationTest - ......Starting TC_001_AccountRegistrationTest.......... 
18:46:21.791 [main] INFO  testCases.TC_001_AccountRegistrationTest - ......Clicked MyAccount Link........
18:46:22.532 [main] INFO  testCases.TC_001_AccountRegistrationTest - ......Clicked Register Link........
18:46:22.541 [main] INFO  testCases.TC_001_AccountRegistrationTest - .....Providing user details.......
18:46:24.557 [main] INFO  testCases.TC_001_AccountRegistrationTest - ....Validating expected message.....
18:58:46.696 [main] DEBUG org.testng.TestNG - suiteXmlPath: "C:\Users\innov\eclipse-workspace\Pavan_Framework_OpencartV01\Master.xml"
18:59:00.995 [main] INFO  testCases.TC_002_LoginTest - .......TC_002_LoginTest Test started..........
18:59:04.228 [main] INFO  testCases.TC_002_LoginTest - ........TC_002_LoginTest Test finished
18:59:12.906 [main] INFO  testCases.TC_001_AccountRegistrationTest - ......Starting TC_001_AccountRegistrationTest.......... 
18:59:13.240 [main] INFO  testCases.TC_001_AccountRegistrationTest - ......Clicked MyAccount Link........
18:59:14.507 [main] INFO  testCases.TC_001_AccountRegistrationTest - ......Clicked Register Link........
18:59:14.514 [main] INFO  testCases.TC_001_AccountRegistrationTest - .....Providing user details.......
18:59:16.911 [main] INFO  testCases.TC_001_AccountRegistrationTest - ....Validating expected message.....
