14:58:39.741 [main] INFO  testCases.TC_001_AccountRegistrationTest - ......Clicked Register Link........
14:58:39.756 [main] INFO  testCases.TC_001_AccountRegistrationTest - .....Providing user details.......
14:58:41.892 [main] INFO  testCases.TC_001_AccountRegistrationTest - ....Validating expected message.....
15:00:52.872 [main] DEBUG org.testng.TestNG - suiteXmlPath: "C:\Users\innov\eclipse-workspace\Pavan_Framework_OpencartV01\Grouping.xml"
15:00:53.361 [main] INFO  org.testng.internal.Utils - [TestNG] Running:
  C:\Users\innov\eclipse-workspace\Pavan_Framework_OpencartV01\Grouping.xml

15:01:02.585 [main] INFO  testCases.TC_002_LoginTest - .......TC_002_LoginTest Test started..........
15:01:05.654 [main] INFO  testCases.TC_002_LoginTest - ........TC_002_LoginTest Test finished
15:01:58.076 [main] DEBUG org.testng.TestNG - suiteXmlPath: "C:\Users\innov\eclipse-workspace\Pavan_Framework_OpencartV01\Grouping.xml"
15:01:58.773 [main] INFO  org.testng.internal.Utils - [TestNG] Running:
  C:\Users\innov\eclipse-workspace\Pavan_Framework_OpencartV01\Grouping.xml

15:02:07.624 [main] INFO  testCases.TC_001_AccountRegistrationTest - ......Starting TC_001_AccountRegistrationTest.......... 
15:02:08.357 [main] INFO  testCases.TC_001_AccountRegistrationTest - ......Clicked MyAccount Link........
15:02:09.081 [main] INFO  testCases.TC_001_AccountRegistrationTest - ......Clicked Register Link........
15:02:09.098 [main] INFO  testCases.TC_001_AccountRegistrationTest - .....Providing user details.......
15:02:11.999 [main] INFO  testCases.TC_001_AccountRegistrationTest - ....Validating expected message.....
16:09:33.457 [main] DEBUG org.testng.TestNG - suiteXmlPath: "C:\Users\innov\eclipse-workspace\Pavan_Framework_OpencartV01\Grouping.xml"
16:09:34.218 [main] INFO  org.testng.internal.Utils - [TestNG] Running:
  C:\Users\innov\eclipse-workspace\Pavan_Framework_OpencartV01\Grouping.xml

16:09:46.755 [main] INFO  testCases.TC_002_LoginTest - .......TC_002_LoginTest Test started..........
16:09:49.813 [main] INFO  testCases.TC_002_LoginTest - ........TC_002_LoginTest Test finished
16:09:58.887 [main] INFO  testCases.TC_001_AccountRegistrationTest - ......Starting TC_001_AccountRegistrationTest.......... 
16:10:00.086 [main] INFO  testCases.TC_001_AccountRegistrationTest - ......Clicked MyAccount Link........
16:10:00.814 [main] INFO  testCases.TC_001_AccountRegistrationTest - ......Clicked Register Link........
16:10:00.830 [main] INFO  testCases.TC_001_AccountRegistrationTest - .....Providing user details.......
16:10:06.275 [main] INFO  testCases.TC_001_AccountRegistrationTest - ....Validating expected message.....
16:13:15.296 [main] DEBUG org.testng.TestNG - suiteXmlPath: "C:\Users\innov\eclipse-workspace\Pavan_Framework_OpencartV01\Grouping.xml"
16:13:15.866 [main] INFO  org.testng.internal.Utils - [TestNG] Running:
  C:\Users\innov\eclipse-workspace\Pavan_Framework_OpencartV01\Grouping.xml

16:13:26.318 [main] INFO  testCases.TC_002_LoginTest - .......TC_002_LoginTest Test started..........
16:13:28.904 [main] INFO  testCases.TC_002_LoginTest - ........TC_002_LoginTest Test finished
16:13:37.074 [main] INFO  testCases.TC_001_AccountRegistrationTest - ......Starting TC_001_AccountRegistrationTest.......... 
16:13:38.116 [main] INFO  testCases.TC_001_AccountRegistrationTest - ......Clicked MyAccount Link........
16:13:38.988 [main] INFO  testCases.TC_001_AccountRegistrationTest - ......Clicked Register Link........
16:13:38.994 [main] INFO  testCases.TC_001_AccountRegistrationTest - .....Providing user details.......
16:13:41.277 [main] INFO  testCases.TC_001_AccountRegistrationTest - ....Validating expected message.....
16:15:17.573 [main] DEBUG org.testng.TestNG - suiteXmlPath: "C:\Users\innov\eclipse-workspace\Pavan_Framework_OpencartV01\Grouping.xml"
16:15:18.951 [main] INFO  org.testng.internal.Utils - [TestNG] Running:
  C:\Users\innov\eclipse-workspace\Pavan_Framework_OpencartV01\Grouping.xml

16:15:29.174 [main] INFO  testCases.TC_002_LoginTest - .......TC_002_LoginTest Test started..........
16:15:51.967 [main] INFO  testCases.TC_001_AccountRegistrationTest - ......Starting TC_001_AccountRegistrationTest.......... 
16:15:53.239 [main] INFO  testCases.TC_001_AccountRegistrationTest - ......Clicked MyAccount Link........
16:15:54.036 [main] INFO  testCases.TC_001_AccountRegistrationTest - ......Clicked Register Link........
16:15:54.046 [main] INFO  testCases.TC_001_AccountRegistrationTest - .....Providing user details.......
16:15:56.350 [main] INFO  testCases.TC_001_AccountRegistrationTest - ....Validating expected message.....
16:20:15.716 [main] DEBUG org.testng.TestNG - suiteXmlPath: "C:\Users\innov\eclipse-workspace\Pavan_Framework_OpencartV01\test-output\testng-failed.xml"
16:20:16.377 [main] INFO  org.testng.internal.Utils - [TestNG] Running:
  C:\Users\innov\eclipse-workspace\Pavan_Framework_OpencartV01\test-output\testng-failed.xml

16:20:25.295 [main] INFO  testCases.TC_002_LoginTest - .......TC_002_LoginTest Test started..........
